Molecule 1:
-----------

Geometry:
 Mass(amu)    X(ang)    Y(ang)    Z(ang)
    12.000   -0.3037   -0.5331   -0.5340
    12.000   -0.4193    0.4599    0.3826
     1.008   -1.0226    1.1897    0.8999
    12.000    0.8089   -0.0267    0.0759

Frequencies (cm-1):
   540.000   872.000   916.000
  1222.000  1614.000  3222.000


External Symmetry = 2
Principal Moments of Inertia = 11.201577024  14.3722700113  25.5669535853
Electronic Degeneracy = 2

Thermodynamic Data
Translational Contributions
 Temperature      298.00      300.00      400.00      500.00      600.00      800.00     1000.00     1500.00
     Entropy       36.71       36.75       38.17       39.28       40.19       41.61       42.72       44.73
          Cp        4.96        4.96        4.96        4.96        4.96        4.96        4.96        4.96
          dH        1.48        1.49        1.99        2.48        2.98        3.97        4.96        7.44
      qtrans    8.84e+06    8.99e+06    1.85e+07    3.22e+07    5.09e+07    1.04e+08    1.82e+08    5.03e+08

Vibrational Contributions
Entropy:
 Temperature      298.00      300.00      400.00      500.00      600.00      800.00     1000.00     1500.00
     Entropy        0.92        0.94        1.86        2.90        3.95        5.95        7.78       11.59
          Cp        2.46        2.49        3.99        5.24        6.24        7.67        8.65       10.05
          dH        0.21        0.21        0.54        1.01        1.58        2.99        4.63        9.36
       q_vib    1.12e+00    1.12e+00    1.30e+00    1.56e+00    1.93e+00    3.06e+00    4.89e+00    1.48e+01


External Rotational Contributions
 Temperature      298.00      300.00      400.00      500.00      600.00      800.00     1000.00     1500.00
     Entropy       18.47       18.49       19.34       20.01       20.55       21.41       22.07       23.28
          Cp        2.98        2.98        2.98        2.98        2.98        2.98        2.98        2.98
          dH        0.89        0.89        1.19        1.49        1.79        2.38        2.98        4.47
       q_rot     2448.64     2473.33     3807.95     5321.77     6995.64    10770.50    15052.23    27652.70



