Molecule 1:
-----------

Geometry:
 Mass(amu)    X(ang)    Y(ang)    Z(ang)
    12.000   -0.2029   -0.5892   -0.5791
    12.000   -0.5015    0.5407    0.4451
     1.008   -0.7728    1.5372    0.1159
    12.000    0.8440   -0.1008    0.0060
     1.008   -0.8902    0.2402    1.4069

Frequencies (cm-1):
   605.000   651.000   913.000
   978.000  1029.000  1500.000
  1744.000  3062.000  3140.000


External Symmetry = 2
Principal Moments of Inertia = 11.7546746018  22.0468321085  30.4165707192
Electronic Degeneracy = 3

Thermodynamic Data
Translational Contributions
 Temperature      298.00      300.00      400.00      500.00      600.00      800.00     1000.00     1500.00
     Entropy       36.79       36.83       38.25       39.36       40.27       41.69       42.80       44.81
          Cp        4.96        4.96        4.96        4.96        4.96        4.96        4.96        4.96
          dH        1.48        1.49        1.99        2.48        2.98        3.97        4.96        7.44
      qtrans    9.20e+06    9.36e+06    1.92e+07    3.36e+07    5.29e+07    1.09e+08    1.90e+08    5.23e+08

Vibrational Contributions
Entropy:
 Temperature      298.00      300.00      400.00      500.00      600.00      800.00     1000.00     1500.00
     Entropy        1.17        1.20        2.47        3.88        5.33        8.14       10.72       16.23
          Cp        3.34        3.38        5.48        7.22        8.64       10.80       12.35       14.69
          dH        0.27        0.28        0.72        1.36        2.16        4.12        6.45       13.29
       q_vib    1.14e+00    1.15e+00    1.39e+00    1.79e+00    2.39e+00    4.50e+00    8.61e+00    4.10e+01


External Rotational Contributions
 Temperature      298.00      300.00      400.00      500.00      600.00      800.00     1000.00     1500.00
     Entropy       19.11       19.13       19.99       20.65       21.20       22.05       22.72       23.92
          Cp        2.98        2.98        2.98        2.98        2.98        2.98        2.98        2.98
          dH        0.89        0.89        1.19        1.49        1.79        2.38        2.98        4.47
       q_rot     3388.57     3422.74     5269.66     7364.57     9680.98    14904.85    20830.15    38267.44



