Molecule 1:
-----------

Geometry:
 Mass(amu)    X(ang)    Y(ang)    Z(ang)
    12.000    0.0000    0.0000    0.0000
    15.995    0.6321    1.0946    0.0000
    15.995   -1.2640    0.0002   -0.0000
    15.995    0.6319   -1.0947   -0.0000

Frequencies (cm-1):
   447.500   447.500   763.200
  1089.400  1204.100  1204.100


External Symmetry = 6
Principal Moments of Inertia = 38.3325054469  38.332505798  76.665011245
Electronic Degeneracy = 1

Thermodynamic Data
Translational Contributions
 Temperature      298.00      300.00      400.00      500.00      600.00      800.00     1000.00     1500.00
     Entropy       38.15       38.18       39.61       40.72       41.62       43.05       44.16       46.17
          Cp        4.96        4.96        4.96        4.96        4.96        4.96        4.96        4.96
          dH        1.48        1.49        1.99        2.48        2.98        3.97        4.96        7.44
      qtrans    1.82e+07    1.85e+07    3.81e+07    6.65e+07    1.05e+08    2.15e+08    3.76e+08    1.04e+09

Vibrational Contributions
Entropy:
 Temperature      298.00      300.00      400.00      500.00      600.00      800.00     1000.00     1500.00
     Entropy        2.03        2.06        3.53        5.03        6.47        9.08       11.33       15.73
          Cp        4.19        4.23        6.01        7.38        8.40        9.68       10.39       11.19
          dH        0.43        0.44        0.96        1.63        2.43        4.25        6.27       11.71
       q_vib    1.33e+00    1.34e+00    1.77e+00    2.43e+00    3.39e+00    6.67e+00    1.28e+01    5.40e+01


External Rotational Contributions
 Temperature      298.00      300.00      400.00      500.00      600.00      800.00     1000.00     1500.00
     Entropy       19.57       19.59       20.45       21.11       21.65       22.51       23.18       24.38
          Cp        2.98        2.98        2.98        2.98        2.98        2.98        2.98        2.98
          dH        0.89        0.89        1.19        1.49        1.79        2.38        2.98        4.47
       q_rot     4270.00     4313.06     6640.39     9280.23    12199.17    18781.86    26248.44    48221.47



