Molecule 1:
-----------

Geometry:
 Mass(amu)    X(ang)    Y(ang)    Z(ang)
    12.000    0.0081   -0.0187    0.0000
    15.995    0.6400    1.0956    0.0000
    15.995   -1.3064    0.0176    0.0000
    15.995    0.6603   -1.0991    0.0000

Frequencies (cm-1):
   264.700   545.700   696.100
   720.200   931.900  1090.600


External Symmetry = 1
Principal Moments of Inertia = 38.3003905039  41.0546730683  79.3550635723
Electronic Degeneracy = 1

Thermodynamic Data
Translational Contributions
 Temperature      298.00      300.00      400.00      500.00      600.00      800.00     1000.00     1500.00
     Entropy       38.15       38.18       39.61       40.72       41.62       43.05       44.16       46.17
          Cp        4.96        4.96        4.96        4.96        4.96        4.96        4.96        4.96
          dH        1.48        1.49        1.99        2.48        2.98        3.97        4.96        7.44
      qtrans    1.82e+07    1.85e+07    3.81e+07    6.65e+07    1.05e+08    2.15e+08    3.76e+08    1.04e+09

Vibrational Contributions
Entropy:
 Temperature      298.00      300.00      400.00      500.00      600.00      800.00     1000.00     1500.00
     Entropy        3.01        3.05        4.86        6.61        8.24       11.07       13.44       17.97
          Cp        5.31        5.36        7.19        8.46        9.31       10.32       10.85       11.42
          dH        0.61        0.62        1.25        2.04        2.93        4.91        7.04       12.64
       q_vib    1.64e+00    1.65e+00    2.39e+00    3.58e+00    5.40e+00    1.20e+01    2.51e+01    1.22e+02


External Rotational Contributions
 Temperature      298.00      300.00      400.00      500.00      600.00      800.00     1000.00     1500.00
     Entropy       23.23       23.25       24.11       24.77       25.31       26.17       26.83       28.04
          Cp        2.98        2.98        2.98        2.98        2.98        2.98        2.98        2.98
          dH        0.89        0.89        1.19        1.49        1.79        2.38        2.98        4.47
       q_rot    26963.95    27235.86    41932.35    58602.24    77034.64   118602.59   165752.15   304506.15



