Molecule 1:
-----------

Geometry:
 Mass(amu)    X(ang)    Y(ang)    Z(ang)
    12.000   -0.0237    0.0000    0.0000
    15.995    0.6214    1.1779    0.0000
    15.995   -1.2247    0.0002    0.0000
    15.995    0.6211   -1.1781    0.0000

Frequencies (cm-1):
   415.900   439.700   662.000
   917.200  1242.100  1702.600


External Symmetry = 2
Principal Moments of Inertia = 36.3434772532  44.3923112433  80.7357884965
Electronic Degeneracy = 1

Thermodynamic Data
Translational Contributions
 Temperature      298.00      300.00      400.00      500.00      600.00      800.00     1000.00     1500.00
     Entropy       38.15       38.18       39.61       40.72       41.62       43.05       44.16       46.17
          Cp        4.96        4.96        4.96        4.96        4.96        4.96        4.96        4.96
          dH        1.48        1.49        1.99        2.48        2.98        3.97        4.96        7.44
      qtrans    1.82e+07    1.85e+07    3.81e+07    6.65e+07    1.05e+08    2.15e+08    3.76e+08    1.04e+09

Vibrational Contributions
Entropy:
 Temperature      298.00      300.00      400.00      500.00      600.00      800.00     1000.00     1500.00
     Entropy        2.30        2.33        3.85        5.34        6.76        9.31       11.51       15.85
          Cp        4.46        4.49        6.08        7.29        8.22        9.46       10.20       11.07
          dH        0.49        0.50        1.03        1.70        2.48        4.26        6.24       11.61
       q_vib    1.40e+00    1.41e+00    1.90e+00    2.66e+00    3.76e+00    7.44e+00    1.42e+01    5.95e+01


External Rotational Contributions
 Temperature      298.00      300.00      400.00      500.00      600.00      800.00     1000.00     1500.00
     Entropy       21.90       21.92       22.77       23.44       23.98       24.84       25.50       26.71
          Cp        2.98        2.98        2.98        2.98        2.98        2.98        2.98        2.98
          dH        0.89        0.89        1.19        1.49        1.79        2.38        2.98        4.47
       q_rot    13774.74    13913.65    21421.46    29937.40    39353.74    60589.04    84675.76   155559.31



