Molecule 1:
-----------

Geometry:
 Mass(amu)    X(ang)    Y(ang)    Z(ang)
    12.000   -0.7020   -0.1483   -0.0000
    15.995    0.6559    0.3032   -0.0000
    15.995   -1.6234    0.5744   -0.0000
    15.995    1.4943   -0.7663   -0.0000

Frequencies (cm-1):
   199.900   374.300   541.700
   842.800  1026.300  1931.100


External Symmetry = 1
Principal Moments of Inertia = 6.54417752425  100.525094814  107.069272338
Electronic Degeneracy = 3

Thermodynamic Data
Translational Contributions
 Temperature      298.00      300.00      400.00      500.00      600.00      800.00     1000.00     1500.00
     Entropy       38.15       38.18       39.61       40.72       41.62       43.05       44.16       46.17
          Cp        4.96        4.96        4.96        4.96        4.96        4.96        4.96        4.96
          dH        1.48        1.49        1.99        2.48        2.98        3.97        4.96        7.44
      qtrans    1.82e+07    1.85e+07    3.81e+07    6.65e+07    1.05e+08    2.15e+08    3.76e+08    1.04e+09

Vibrational Contributions
Entropy:
 Temperature      298.00      300.00      400.00      500.00      600.00      800.00     1000.00     1500.00
     Entropy        4.07        4.11        5.90        7.55        9.06       11.70       13.94       18.30
          Cp        5.51        5.54        6.89        7.89        8.65        9.68       10.32       11.11
          dH        0.76        0.77        1.39        2.14        2.97        4.81        6.82       12.22
       q_vib    2.16e+00    2.18e+00    3.37e+00    5.20e+00    7.94e+00    1.75e+01    3.60e+01    1.66e+02


External Rotational Contributions
 Temperature      298.00      300.00      400.00      500.00      600.00      800.00     1000.00     1500.00
     Entropy       22.66       22.68       23.54       24.20       24.75       25.60       26.27       27.47
          Cp        2.98        2.98        2.98        2.98        2.98        2.98        2.98        2.98
          dH        0.89        0.89        1.19        1.49        1.79        2.38        2.98        4.47
       q_rot    20258.65    20462.94    31504.76    44029.24    57877.94    89108.91   124533.49   228782.63



