Molecule 1:
-----------

Geometry:
 Mass(amu)    X(ang)    Y(ang)    Z(ang)
    12.000    0.1232    0.2110   -0.0000
    15.995    0.7081    1.2288    0.0000
    15.995   -1.1221   -0.2759   -0.0000
    15.995    0.3215   -1.1112   -0.0000

Frequencies (cm-1):
   516.400   586.300   685.100
  1029.400  1071.200  2082.900


External Symmetry = 2
Principal Moments of Inertia = 22.2476990842  53.4024132782  75.6501123624
Electronic Degeneracy = 1

Thermodynamic Data
Translational Contributions
 Temperature      298.00      300.00      400.00      500.00      600.00      800.00     1000.00     1500.00
     Entropy       38.15       38.18       39.61       40.72       41.62       43.05       44.16       46.17
          Cp        4.96        4.96        4.96        4.96        4.96        4.96        4.96        4.96
          dH        1.48        1.49        1.99        2.48        2.98        3.97        4.96        7.44
      qtrans    1.82e+07    1.85e+07    3.81e+07    6.65e+07    1.05e+08    2.15e+08    3.76e+08    1.04e+09

Vibrational Contributions
Entropy:
 Temperature      298.00      300.00      400.00      500.00      600.00      800.00     1000.00     1500.00
     Entropy        1.61        1.63        2.99        4.39        5.73        8.17       10.30       14.54
          Cp        3.84        3.88        5.59        6.86        7.82        9.11        9.91       10.90
          dH        0.36        0.37        0.84        1.47        2.21        3.92        5.83       11.08
       q_vib    1.22e+00    1.23e+00    1.56e+00    2.07e+00    2.80e+00    5.21e+00    9.51e+00    3.67e+01


External Rotational Contributions
 Temperature      298.00      300.00      400.00      500.00      600.00      800.00     1000.00     1500.00
     Entropy       21.53       21.55       22.40       23.07       23.61       24.47       25.13       26.34
          Cp        2.98        2.98        2.98        2.98        2.98        2.98        2.98        2.98
          dH        0.89        0.89        1.19        1.49        1.79        2.38        2.98        4.47
       q_rot    11442.24    11557.63    17794.13    24868.05    32689.90    50329.40    70337.47   129218.18



